<?xml version="1.0" encoding="UTF-8"?>
<!-- Generated by org.testng.reporters.JUnitReportReporter -->
<testsuite hostname="DESKTOP-E715H5R" failures="0" tests="1" name="TestPack.Demo" time="0.022" errors="0" timestamp="2022-06-03T09:49:01 IST" skipped="0">
  <testcase classname="TestPack.Demo" name="method1" time="0.022"/>
  <system-out>
    <![CDATA[method1]]>
  </system-out>
</testsuite> <!-- TestPack.Demo -->
