<?xml version="1.0" encoding="UTF-8"?>
<!-- Generated by org.testng.reporters.JUnitReportReporter -->
<testsuite hostname="DESKTOP-E715H5R" failures="0" tests="1" name="TestngPack.Sumo" time="0.004" errors="0" timestamp="2022-06-04T08:49:14 IST" skipped="0">
  <testcase classname="TestngPack.Sumo" name="method1" time="0.004"/>
  <system-out>
    <![CDATA[Sumo class method]]>
  </system-out>
</testsuite> <!-- TestngPack.Sumo -->
