<?xml version="1.0" encoding="UTF-8"?>
<!-- Generated by org.testng.reporters.JUnitReportReporter -->
<testsuite hostname="DESKTOP-E715H5R" failures="0" tests="500" name="TestngFlags.flag3" time="1.251" errors="0" timestamp="2022-06-06T11:32:55 IST" skipped="0">
  <testcase classname="TestngFlags.flag3" name="login" time="0.001"/>
  <system-out>
    <![CDATA[login]]>
  </system-out>
  <testcase classname="TestngFlags.flag3" name="login" time="0.001"/>
  <system-out>
    <![CDATA[login]]>
  </system-out>
  <testcase classname="TestngFlags.flag3" name="login" time="0.008"/>
  <system-out>
    <![CDATA[login]]>
  </system-out>
  <testcase classname="TestngFlags.flag3" name="login" time="0.001"/>
  <system-out>
    <![CDATA[login]]>
  </system-out>
  <testcase classname="TestngFlags.flag3" name="login" time="0.003"/>
  <system-out>
    <![CDATA[login]]>
  </system-out>
  <testcase classname="TestngFlags.flag3" name="login" time="0.001"/>
  <system-out>
    <![CDATA[login]]>
  </system-out>
  <testcase classname="TestngFlags.flag3" name="login" time="0.001"/>
  <system-out>
    <![CDATA[login]]>
  </system-out>
  <testcase classname="TestngFlags.flag3" name="login" time="0.016"/>
  <system-out>
    <![CDATA[login]]>
  </system-out>
  <testcase classname="TestngFlags.flag3" name="login" time="0.002"/>
  <system-out>
    <![CDATA[login]]>
  </system-out>
  <testcase classname="TestngFlags.flag3" name="login" time="0.001"/>
  <system-out>
    <![CDATA[login]]>
  </system-out>
  <testcase classname="TestngFlags.flag3" name="login" time="0.005"/>
  <system-out>
    <![CDATA[login]]>
  </system-out>
  <testcase classname="TestngFlags.flag3" name="login" time="0.002"/>
  <system-out>
    <![CDATA[login]]>
  </system-out>
  <testcase classname="TestngFlags.flag3" name="login" time="0.001"/>
  <system-out>
    <![CDATA[login]]>
  </system-out>
  <testcase classname="TestngFlags.flag3" name="login" time="0.001"/>
  <system-out>
    <![CDATA[login]]>
  </system-out>
  <testcase classname="TestngFlags.flag3" name="login" time="0.001"/>
  <system-out>
    <![CDATA[login]]>
  </system-out>
  <testcase classname="TestngFlags.flag3" name="login" time="0.003"/>
  <system-out>
    <![CDATA[login]]>
  </system-out>
  <testcase classname="TestngFlags.flag3" name="login" time="0.001"/>
  <system-out>
    <![CDATA[login]]>
  </system-out>
  <testcase classname="TestngFlags.flag3" name="login" time="0.003"/>
  <system-out>
    <![CDATA[login]]>
  </system-out>
  <testcase classname="TestngFlags.flag3" name="login" time="0.001"/>
  <system-out>
    <![CDATA[login]]>
  </system-out>
  <testcase classname="TestngFlags.flag3" name="login" time="0.005"/>
  <system-out>
    <![CDATA[login]]>
  </system-out>
  <testcase classname="TestngFlags.flag3" name="login" time="0.002"/>
  <system-out>
    <![CDATA[login]]>
  </system-out>
  <testcase classname="TestngFlags.flag3" name="login" time="0.002"/>
  <system-out>
    <![CDATA[login]]>
  </system-out>
  <testcase classname="TestngFlags.flag3" name="login" time="0.002"/>
  <system-out>
    <![CDATA[login]]>
  </system-out>
  <testcase classname="TestngFlags.flag3" name="login" time="0.002"/>
  <system-out>
    <![CDATA[login]]>
  </system-out>
  <testcase classname="TestngFlags.flag3" name="login" time="0.003"/>
  <system-out>
    <![CDATA[login]]>
  </system-out>
  <testcase classname="TestngFlags.flag3" name="login" time="0.001"/>
  <system-out>
    <![CDATA[login]]>
  </system-out>
  <testcase classname="TestngFlags.flag3" name="login" time="0.001"/>
  <system-out>
    <![CDATA[login]]>
  </system-out>
  <testcase classname="TestngFlags.flag3" name="login" time="0.000"/>
  <system-out>
    <![CDATA[login]]>
  </system-out>
  <testcase classname="TestngFlags.flag3" name="login" time="0.001"/>
  <system-out>
    <![CDATA[login]]>
  </system-out>
  <testcase classname="TestngFlags.flag3" name="login" time="0.001"/>
  <system-out>
    <![CDATA[login]]>
  </system-out>
  <testcase classname="TestngFlags.flag3" name="login" time="0.001"/>
  <system-out>
    <![CDATA[login]]>
  </system-out>
  <testcase classname="TestngFlags.flag3" name="login" time="0.004"/>
  <system-out>
    <![CDATA[login]]>
  </system-out>
  <testcase classname="TestngFlags.flag3" name="login" time="0.001"/>
  <system-out>
    <![CDATA[login]]>
  </system-out>
  <testcase classname="TestngFlags.flag3" name="login" time="0.001"/>
  <system-out>
    <![CDATA[login]]>
  </system-out>
  <testcase classname="TestngFlags.flag3" name="login" time="0.001"/>
  <system-out>
    <![CDATA[login]]>
  </system-out>
  <testcase classname="TestngFlags.flag3" name="login" time="0.006"/>
  <system-out>
    <![CDATA[login]]>
  </system-out>
  <testcase classname="TestngFlags.flag3" name="login" time="0.001"/>
  <system-out>
    <![CDATA[login]]>
  </system-out>
  <testcase classname="TestngFlags.flag3" name="login" time="0.002"/>
  <system-out>
    <![CDATA[login]]>
  </system-out>
  <testcase classname="TestngFlags.flag3" name="login" time="0.001"/>
  <system-out>
    <![CDATA[login]]>
  </system-out>
  <testcase classname="TestngFlags.flag3" name="login" time="0.001"/>
  <system-out>
    <![CDATA[login]]>
  </system-out>
  <testcase classname="TestngFlags.flag3" name="login" time="0.001"/>
  <system-out>
    <![CDATA[login]]>
  </system-out>
  <testcase classname="TestngFlags.flag3" name="login" time="0.001"/>
  <system-out>
    <![CDATA[login]]>
  </system-out>
  <testcase classname="TestngFlags.flag3" name="login" time="0.005"/>
  <system-out>
    <![CDATA[login]]>
  </system-out>
  <testcase classname="TestngFlags.flag3" name="login" time="0.003"/>
  <system-out>
    <![CDATA[login]]>
  </system-out>
  <testcase classname="TestngFlags.flag3" name="login" time="0.003"/>
  <system-out>
    <![CDATA[login]]>
  </system-out>
  <testcase classname="TestngFlags.flag3" name="login" time="0.002"/>
  <system-out>
    <![CDATA[login]]>
  </system-out>
  <testcase classname="TestngFlags.flag3" name="login" time="0.000"/>
  <system-out>
    <![CDATA[login]]>
  </system-out>
  <testcase classname="TestngFlags.flag3" name="login" time="0.001"/>
  <system-out>
    <![CDATA[login]]>
  </system-out>
  <testcase classname="TestngFlags.flag3" name="login" time="0.001"/>
  <system-out>
    <![CDATA[login]]>
  </system-out>
  <testcase classname="TestngFlags.flag3" name="login" time="0.002"/>
  <system-out>
    <![CDATA[login]]>
  </system-out>
  <testcase classname="TestngFlags.flag3" name="login" time="0.002"/>
  <system-out>
    <![CDATA[login]]>
  </system-out>
  <testcase classname="TestngFlags.flag3" name="login" time="0.001"/>
  <system-out>
    <![CDATA[login]]>
  </system-out>
  <testcase classname="TestngFlags.flag3" name="login" time="0.002"/>
  <system-out>
    <![CDATA[login]]>
  </system-out>
  <testcase classname="TestngFlags.flag3" name="login" time="0.001"/>
  <system-out>
    <![CDATA[login]]>
  </system-out>
  <testcase classname="TestngFlags.flag3" name="login" time="0.001"/>
  <system-out>
    <![CDATA[login]]>
  </system-out>
  <testcase classname="TestngFlags.flag3" name="login" time="0.001"/>
  <system-out>
    <![CDATA[login]]>
  </system-out>
  <testcase classname="TestngFlags.flag3" name="login" time="0.001"/>
  <system-out>
    <![CDATA[login]]>
  </system-out>
  <testcase classname="TestngFlags.flag3" name="login" time="0.001"/>
  <system-out>
    <![CDATA[login]]>
  </system-out>
  <testcase classname="TestngFlags.flag3" name="login" time="0.001"/>
  <system-out>
    <![CDATA[login]]>
  </system-out>
  <testcase classname="TestngFlags.flag3" name="login" time="0.014"/>
  <system-out>
    <![CDATA[login]]>
  </system-out>
  <testcase classname="TestngFlags.flag3" name="login" time="0.002"/>
  <system-out>
    <![CDATA[login]]>
  </system-out>
  <testcase classname="TestngFlags.flag3" name="login" time="0.002"/>
  <system-out>
    <![CDATA[login]]>
  </system-out>
  <testcase classname="TestngFlags.flag3" name="login" time="0.001"/>
  <system-out>
    <![CDATA[login]]>
  </system-out>
  <testcase classname="TestngFlags.flag3" name="login" time="0.001"/>
  <system-out>
    <![CDATA[login]]>
  </system-out>
  <testcase classname="TestngFlags.flag3" name="login" time="0.007"/>
  <system-out>
    <![CDATA[login]]>
  </system-out>
  <testcase classname="TestngFlags.flag3" name="login" time="0.001"/>
  <system-out>
    <![CDATA[login]]>
  </system-out>
  <testcase classname="TestngFlags.flag3" name="login" time="0.002"/>
  <system-out>
    <![CDATA[login]]>
  </system-out>
  <testcase classname="TestngFlags.flag3" name="login" time="0.001"/>
  <system-out>
    <![CDATA[login]]>
  </system-out>
  <testcase classname="TestngFlags.flag3" name="login" time="0.004"/>
  <system-out>
    <![CDATA[login]]>
  </system-out>
  <testcase classname="TestngFlags.flag3" name="login" time="0.001"/>
  <system-out>
    <![CDATA[login]]>
  </system-out>
  <testcase classname="TestngFlags.flag3" name="login" time="0.004"/>
  <system-out>
    <![CDATA[login]]>
  </system-out>
  <testcase classname="TestngFlags.flag3" name="login" time="0.001"/>
  <system-out>
    <![CDATA[login]]>
  </system-out>
  <testcase classname="TestngFlags.flag3" name="login" time="0.001"/>
  <system-out>
    <![CDATA[login]]>
  </system-out>
  <testcase classname="TestngFlags.flag3" name="login" time="0.001"/>
  <system-out>
    <![CDATA[login]]>
  </system-out>
  <testcase classname="TestngFlags.flag3" name="login" time="0.008"/>
  <system-out>
    <![CDATA[login]]>
  </system-out>
  <testcase classname="TestngFlags.flag3" name="login" time="0.001"/>
  <system-out>
    <![CDATA[login]]>
  </system-out>
  <testcase classname="TestngFlags.flag3" name="login" time="0.001"/>
  <system-out>
    <![CDATA[login]]>
  </system-out>
  <testcase classname="TestngFlags.flag3" name="login" time="0.001"/>
  <system-out>
    <![CDATA[login]]>
  </system-out>
  <testcase classname="TestngFlags.flag3" name="login" time="0.001"/>
  <system-out>
    <![CDATA[login]]>
  </system-out>
  <testcase classname="TestngFlags.flag3" name="login" time="0.001"/>
  <system-out>
    <![CDATA[login]]>
  </system-out>
  <testcase classname="TestngFlags.flag3" name="login" time="0.001"/>
  <system-out>
    <![CDATA[login]]>
  </system-out>
  <testcase classname="TestngFlags.flag3" name="login" time="0.000"/>
  <system-out>
    <![CDATA[login]]>
  </system-out>
  <testcase classname="TestngFlags.flag3" name="login" time="0.001"/>
  <system-out>
    <![CDATA[login]]>
  </system-out>
  <testcase classname="TestngFlags.flag3" name="login" time="0.006"/>
  <system-out>
    <![CDATA[login]]>
  </system-out>
  <testcase classname="TestngFlags.flag3" name="login" time="0.005"/>
  <system-out>
    <![CDATA[login]]>
  </system-out>
  <testcase classname="TestngFlags.flag3" name="login" time="0.002"/>
  <system-out>
    <![CDATA[login]]>
  </system-out>
  <testcase classname="TestngFlags.flag3" name="login" time="0.001"/>
  <system-out>
    <![CDATA[login]]>
  </system-out>
  <testcase classname="TestngFlags.flag3" name="login" time="0.007"/>
  <system-out>
    <![CDATA[login]]>
  </system-out>
  <testcase classname="TestngFlags.flag3" name="login" time="0.001"/>
  <system-out>
    <![CDATA[login]]>
  </system-out>
  <testcase classname="TestngFlags.flag3" name="login" time="0.001"/>
  <system-out>
    <![CDATA[login]]>
  </system-out>
  <testcase classname="TestngFlags.flag3" name="login" time="0.000"/>
  <system-out>
    <![CDATA[login]]>
  </system-out>
  <testcase classname="TestngFlags.flag3" name="login" time="0.001"/>
  <system-out>
    <![CDATA[login]]>
  </system-out>
  <testcase classname="TestngFlags.flag3" name="login" time="0.005"/>
  <system-out>
    <![CDATA[login]]>
  </system-out>
  <testcase classname="TestngFlags.flag3" name="login" time="0.004"/>
  <system-out>
    <![CDATA[login]]>
  </system-out>
  <testcase classname="TestngFlags.flag3" name="login" time="0.006"/>
  <system-out>
    <![CDATA[login]]>
  </system-out>
  <testcase classname="TestngFlags.flag3" name="login" time="0.001"/>
  <system-out>
    <![CDATA[login]]>
  </system-out>
  <testcase classname="TestngFlags.flag3" name="login" time="0.001"/>
  <system-out>
    <![CDATA[login]]>
  </system-out>
  <testcase classname="TestngFlags.flag3" name="login" time="0.005"/>
  <system-out>
    <![CDATA[login]]>
  </system-out>
  <testcase classname="TestngFlags.flag3" name="login" time="0.001"/>
  <system-out>
    <![CDATA[login]]>
  </system-out>
  <testcase classname="TestngFlags.flag3" name="login" time="0.006"/>
  <system-out>
    <![CDATA[login]]>
  </system-out>
  <testcase classname="TestngFlags.flag3" name="login" time="0.001"/>
  <system-out>
    <![CDATA[login]]>
  </system-out>
  <testcase classname="TestngFlags.flag3" name="login" time="0.001"/>
  <system-out>
    <![CDATA[login]]>
  </system-out>
  <testcase classname="TestngFlags.flag3" name="login" time="0.003"/>
  <system-out>
    <![CDATA[login]]>
  </system-out>
  <testcase classname="TestngFlags.flag3" name="login" time="0.009"/>
  <system-out>
    <![CDATA[login]]>
  </system-out>
  <testcase classname="TestngFlags.flag3" name="login" time="0.008"/>
  <system-out>
    <![CDATA[login]]>
  </system-out>
  <testcase classname="TestngFlags.flag3" name="login" time="0.002"/>
  <system-out>
    <![CDATA[login]]>
  </system-out>
  <testcase classname="TestngFlags.flag3" name="login" time="0.000"/>
  <system-out>
    <![CDATA[login]]>
  </system-out>
  <testcase classname="TestngFlags.flag3" name="login" time="0.001"/>
  <system-out>
    <![CDATA[login]]>
  </system-out>
  <testcase classname="TestngFlags.flag3" name="login" time="0.001"/>
  <system-out>
    <![CDATA[login]]>
  </system-out>
  <testcase classname="TestngFlags.flag3" name="login" time="0.002"/>
  <system-out>
    <![CDATA[login]]>
  </system-out>
  <testcase classname="TestngFlags.flag3" name="login" time="0.001"/>
  <system-out>
    <![CDATA[login]]>
  </system-out>
  <testcase classname="TestngFlags.flag3" name="login" time="0.001"/>
  <system-out>
    <![CDATA[login]]>
  </system-out>
  <testcase classname="TestngFlags.flag3" name="login" time="0.001"/>
  <system-out>
    <![CDATA[login]]>
  </system-out>
  <testcase classname="TestngFlags.flag3" name="login" time="0.004"/>
  <system-out>
    <![CDATA[login]]>
  </system-out>
  <testcase classname="TestngFlags.flag3" name="login" time="0.003"/>
  <system-out>
    <![CDATA[login]]>
  </system-out>
  <testcase classname="TestngFlags.flag3" name="login" time="0.001"/>
  <system-out>
    <![CDATA[login]]>
  </system-out>
  <testcase classname="TestngFlags.flag3" name="login" time="0.001"/>
  <system-out>
    <![CDATA[login]]>
  </system-out>
  <testcase classname="TestngFlags.flag3" name="login" time="0.001"/>
  <system-out>
    <![CDATA[login]]>
  </system-out>
  <testcase classname="TestngFlags.flag3" name="login" time="0.003"/>
  <system-out>
    <![CDATA[login]]>
  </system-out>
  <testcase classname="TestngFlags.flag3" name="login" time="0.002"/>
  <system-out>
    <![CDATA[login]]>
  </system-out>
  <testcase classname="TestngFlags.flag3" name="login" time="0.005"/>
  <system-out>
    <![CDATA[login]]>
  </system-out>
  <testcase classname="TestngFlags.flag3" name="login" time="0.001"/>
  <system-out>
    <![CDATA[login]]>
  </system-out>
  <testcase classname="TestngFlags.flag3" name="login" time="0.002"/>
  <system-out>
    <![CDATA[login]]>
  </system-out>
  <testcase classname="TestngFlags.flag3" name="login" time="0.002"/>
  <system-out>
    <![CDATA[login]]>
  </system-out>
  <testcase classname="TestngFlags.flag3" name="login" time="0.005"/>
  <system-out>
    <![CDATA[login]]>
  </system-out>
  <testcase classname="TestngFlags.flag3" name="login" time="0.001"/>
  <system-out>
    <![CDATA[login]]>
  </system-out>
  <testcase classname="TestngFlags.flag3" name="login" time="0.001"/>
  <system-out>
    <![CDATA[login]]>
  </system-out>
  <testcase classname="TestngFlags.flag3" name="login" time="0.007"/>
  <system-out>
    <![CDATA[login]]>
  </system-out>
  <testcase classname="TestngFlags.flag3" name="login" time="0.001"/>
  <system-out>
    <![CDATA[login]]>
  </system-out>
  <testcase classname="TestngFlags.flag3" name="login" time="0.001"/>
  <system-out>
    <![CDATA[login]]>
  </system-out>
  <testcase classname="TestngFlags.flag3" name="login" time="0.002"/>
  <system-out>
    <![CDATA[login]]>
  </system-out>
  <testcase classname="TestngFlags.flag3" name="login" time="0.001"/>
  <system-out>
    <![CDATA[login]]>
  </system-out>
  <testcase classname="TestngFlags.flag3" name="login" time="0.002"/>
  <system-out>
    <![CDATA[login]]>
  </system-out>
  <testcase classname="TestngFlags.flag3" name="login" time="0.001"/>
  <system-out>
    <![CDATA[login]]>
  </system-out>
  <testcase classname="TestngFlags.flag3" name="login" time="0.001"/>
  <system-out>
    <![CDATA[login]]>
  </system-out>
  <testcase classname="TestngFlags.flag3" name="login" time="0.001"/>
  <system-out>
    <![CDATA[login]]>
  </system-out>
  <testcase classname="TestngFlags.flag3" name="login" time="0.001"/>
  <system-out>
    <![CDATA[login]]>
  </system-out>
  <testcase classname="TestngFlags.flag3" name="login" time="0.001"/>
  <system-out>
    <![CDATA[login]]>
  </system-out>
  <testcase classname="TestngFlags.flag3" name="login" time="0.002"/>
  <system-out>
    <![CDATA[login]]>
  </system-out>
  <testcase classname="TestngFlags.flag3" name="login" time="0.004"/>
  <system-out>
    <![CDATA[login]]>
  </system-out>
  <testcase classname="TestngFlags.flag3" name="login" time="0.001"/>
  <system-out>
    <![CDATA[login]]>
  </system-out>
  <testcase classname="TestngFlags.flag3" name="login" time="0.001"/>
  <system-out>
    <![CDATA[login]]>
  </system-out>
  <testcase classname="TestngFlags.flag3" name="login" time="0.024"/>
  <system-out>
    <![CDATA[login]]>
  </system-out>
  <testcase classname="TestngFlags.flag3" name="login" time="0.002"/>
  <system-out>
    <![CDATA[login]]>
  </system-out>
  <testcase classname="TestngFlags.flag3" name="login" time="0.001"/>
  <system-out>
    <![CDATA[login]]>
  </system-out>
  <testcase classname="TestngFlags.flag3" name="login" time="0.001"/>
  <system-out>
    <![CDATA[login]]>
  </system-out>
  <testcase classname="TestngFlags.flag3" name="login" time="0.001"/>
  <system-out>
    <![CDATA[login]]>
  </system-out>
  <testcase classname="TestngFlags.flag3" name="login" time="0.001"/>
  <system-out>
    <![CDATA[login]]>
  </system-out>
  <testcase classname="TestngFlags.flag3" name="login" time="0.002"/>
  <system-out>
    <![CDATA[login]]>
  </system-out>
  <testcase classname="TestngFlags.flag3" name="login" time="0.002"/>
  <system-out>
    <![CDATA[login]]>
  </system-out>
  <testcase classname="TestngFlags.flag3" name="login" time="0.001"/>
  <system-out>
    <![CDATA[login]]>
  </system-out>
  <testcase classname="TestngFlags.flag3" name="login" time="0.001"/>
  <system-out>
    <![CDATA[login]]>
  </system-out>
  <testcase classname="TestngFlags.flag3" name="login" time="0.001"/>
  <system-out>
    <![CDATA[login]]>
  </system-out>
  <testcase classname="TestngFlags.flag3" name="login" time="0.002"/>
  <system-out>
    <![CDATA[login]]>
  </system-out>
  <testcase classname="TestngFlags.flag3" name="login" time="0.002"/>
  <system-out>
    <![CDATA[login]]>
  </system-out>
  <testcase classname="TestngFlags.flag3" name="login" time="0.002"/>
  <system-out>
    <![CDATA[login]]>
  </system-out>
  <testcase classname="TestngFlags.flag3" name="login" time="0.002"/>
  <system-out>
    <![CDATA[login]]>
  </system-out>
  <testcase classname="TestngFlags.flag3" name="login" time="0.001"/>
  <system-out>
    <![CDATA[login]]>
  </system-out>
  <testcase classname="TestngFlags.flag3" name="login" time="0.001"/>
  <system-out>
    <![CDATA[login]]>
  </system-out>
  <testcase classname="TestngFlags.flag3" name="login" time="0.006"/>
  <system-out>
    <![CDATA[login]]>
  </system-out>
  <testcase classname="TestngFlags.flag3" name="login" time="0.001"/>
  <system-out>
    <![CDATA[login]]>
  </system-out>
  <testcase classname="TestngFlags.flag3" name="login" time="0.001"/>
  <system-out>
    <![CDATA[login]]>
  </system-out>
  <testcase classname="TestngFlags.flag3" name="login" time="0.010"/>
  <system-out>
    <![CDATA[login]]>
  </system-out>
  <testcase classname="TestngFlags.flag3" name="login" time="0.002"/>
  <system-out>
    <![CDATA[login]]>
  </system-out>
  <testcase classname="TestngFlags.flag3" name="login" time="0.001"/>
  <system-out>
    <![CDATA[login]]>
  </system-out>
  <testcase classname="TestngFlags.flag3" name="login" time="0.000"/>
  <system-out>
    <![CDATA[login]]>
  </system-out>
  <testcase classname="TestngFlags.flag3" name="login" time="0.005"/>
  <system-out>
    <![CDATA[login]]>
  </system-out>
  <testcase classname="TestngFlags.flag3" name="login" time="0.005"/>
  <system-out>
    <![CDATA[login]]>
  </system-out>
  <testcase classname="TestngFlags.flag3" name="login" time="0.001"/>
  <system-out>
    <![CDATA[login]]>
  </system-out>
  <testcase classname="TestngFlags.flag3" name="login" time="0.000"/>
  <system-out>
    <![CDATA[login]]>
  </system-out>
  <testcase classname="TestngFlags.flag3" name="login" time="0.003"/>
  <system-out>
    <![CDATA[login]]>
  </system-out>
  <testcase classname="TestngFlags.flag3" name="login" time="0.011"/>
  <system-out>
    <![CDATA[login]]>
  </system-out>
  <testcase classname="TestngFlags.flag3" name="login" time="0.001"/>
  <system-out>
    <![CDATA[login]]>
  </system-out>
  <testcase classname="TestngFlags.flag3" name="login" time="0.002"/>
  <system-out>
    <![CDATA[login]]>
  </system-out>
  <testcase classname="TestngFlags.flag3" name="login" time="0.003"/>
  <system-out>
    <![CDATA[login]]>
  </system-out>
  <testcase classname="TestngFlags.flag3" name="login" time="0.001"/>
  <system-out>
    <![CDATA[login]]>
  </system-out>
  <testcase classname="TestngFlags.flag3" name="login" time="0.001"/>
  <system-out>
    <![CDATA[login]]>
  </system-out>
  <testcase classname="TestngFlags.flag3" name="login" time="0.001"/>
  <system-out>
    <![CDATA[login]]>
  </system-out>
  <testcase classname="TestngFlags.flag3" name="login" time="0.001"/>
  <system-out>
    <![CDATA[login]]>
  </system-out>
  <testcase classname="TestngFlags.flag3" name="login" time="0.001"/>
  <system-out>
    <![CDATA[login]]>
  </system-out>
  <testcase classname="TestngFlags.flag3" name="login" time="0.001"/>
  <system-out>
    <![CDATA[login]]>
  </system-out>
  <testcase classname="TestngFlags.flag3" name="login" time="0.002"/>
  <system-out>
    <![CDATA[login]]>
  </system-out>
  <testcase classname="TestngFlags.flag3" name="login" time="0.012"/>
  <system-out>
    <![CDATA[login]]>
  </system-out>
  <testcase classname="TestngFlags.flag3" name="login" time="0.003"/>
  <system-out>
    <![CDATA[login]]>
  </system-out>
  <testcase classname="TestngFlags.flag3" name="login" time="0.001"/>
  <system-out>
    <![CDATA[login]]>
  </system-out>
  <testcase classname="TestngFlags.flag3" name="login" time="0.002"/>
  <system-out>
    <![CDATA[login]]>
  </system-out>
  <testcase classname="TestngFlags.flag3" name="login" time="0.001"/>
  <system-out>
    <![CDATA[login]]>
  </system-out>
  <testcase classname="TestngFlags.flag3" name="login" time="0.001"/>
  <system-out>
    <![CDATA[login]]>
  </system-out>
  <testcase classname="TestngFlags.flag3" name="login" time="0.001"/>
  <system-out>
    <![CDATA[login]]>
  </system-out>
  <testcase classname="TestngFlags.flag3" name="login" time="0.002"/>
  <system-out>
    <![CDATA[login]]>
  </system-out>
  <testcase classname="TestngFlags.flag3" name="login" time="0.001"/>
  <system-out>
    <![CDATA[login]]>
  </system-out>
  <testcase classname="TestngFlags.flag3" name="login" time="0.002"/>
  <system-out>
    <![CDATA[login]]>
  </system-out>
  <testcase classname="TestngFlags.flag3" name="login" time="0.001"/>
  <system-out>
    <![CDATA[login]]>
  </system-out>
  <testcase classname="TestngFlags.flag3" name="login" time="0.001"/>
  <system-out>
    <![CDATA[login]]>
  </system-out>
  <testcase classname="TestngFlags.flag3" name="login" time="0.002"/>
  <system-out>
    <![CDATA[login]]>
  </system-out>
  <testcase classname="TestngFlags.flag3" name="login" time="0.002"/>
  <system-out>
    <![CDATA[login]]>
  </system-out>
  <testcase classname="TestngFlags.flag3" name="login" time="0.002"/>
  <system-out>
    <![CDATA[login]]>
  </system-out>
  <testcase classname="TestngFlags.flag3" name="login" time="0.001"/>
  <system-out>
    <![CDATA[login]]>
  </system-out>
  <testcase classname="TestngFlags.flag3" name="login" time="0.005"/>
  <system-out>
    <![CDATA[login]]>
  </system-out>
  <testcase classname="TestngFlags.flag3" name="login" time="0.001"/>
  <system-out>
    <![CDATA[login]]>
  </system-out>
  <testcase classname="TestngFlags.flag3" name="login" time="0.007"/>
  <system-out>
    <![CDATA[login]]>
  </system-out>
  <testcase classname="TestngFlags.flag3" name="login" time="0.001"/>
  <system-out>
    <![CDATA[login]]>
  </system-out>
  <testcase classname="TestngFlags.flag3" name="login" time="0.002"/>
  <system-out>
    <![CDATA[login]]>
  </system-out>
  <testcase classname="TestngFlags.flag3" name="login" time="0.003"/>
  <system-out>
    <![CDATA[login]]>
  </system-out>
  <testcase classname="TestngFlags.flag3" name="login" time="0.001"/>
  <system-out>
    <![CDATA[login]]>
  </system-out>
  <testcase classname="TestngFlags.flag3" name="login" time="0.001"/>
  <system-out>
    <![CDATA[login]]>
  </system-out>
  <testcase classname="TestngFlags.flag3" name="login" time="0.002"/>
  <system-out>
    <![CDATA[login]]>
  </system-out>
  <testcase classname="TestngFlags.flag3" name="login" time="0.003"/>
  <system-out>
    <![CDATA[login]]>
  </system-out>
  <testcase classname="TestngFlags.flag3" name="login" time="0.009"/>
  <system-out>
    <![CDATA[login]]>
  </system-out>
  <testcase classname="TestngFlags.flag3" name="login" time="0.002"/>
  <system-out>
    <![CDATA[login]]>
  </system-out>
  <testcase classname="TestngFlags.flag3" name="login" time="0.001"/>
  <system-out>
    <![CDATA[login]]>
  </system-out>
  <testcase classname="TestngFlags.flag3" name="login" time="0.001"/>
  <system-out>
    <![CDATA[login]]>
  </system-out>
  <testcase classname="TestngFlags.flag3" name="login" time="0.001"/>
  <system-out>
    <![CDATA[login]]>
  </system-out>
  <testcase classname="TestngFlags.flag3" name="login" time="0.003"/>
  <system-out>
    <![CDATA[login]]>
  </system-out>
  <testcase classname="TestngFlags.flag3" name="login" time="0.001"/>
  <system-out>
    <![CDATA[login]]>
  </system-out>
  <testcase classname="TestngFlags.flag3" name="login" time="0.000"/>
  <system-out>
    <![CDATA[login]]>
  </system-out>
  <testcase classname="TestngFlags.flag3" name="login" time="0.001"/>
  <system-out>
    <![CDATA[login]]>
  </system-out>
  <testcase classname="TestngFlags.flag3" name="login" time="0.001"/>
  <system-out>
    <![CDATA[login]]>
  </system-out>
  <testcase classname="TestngFlags.flag3" name="login" time="0.002"/>
  <system-out>
    <![CDATA[login]]>
  </system-out>
  <testcase classname="TestngFlags.flag3" name="login" time="0.004"/>
  <system-out>
    <![CDATA[login]]>
  </system-out>
  <testcase classname="TestngFlags.flag3" name="login" time="0.002"/>
  <system-out>
    <![CDATA[login]]>
  </system-out>
  <testcase classname="TestngFlags.flag3" name="login" time="0.003"/>
  <system-out>
    <![CDATA[login]]>
  </system-out>
  <testcase classname="TestngFlags.flag3" name="login" time="0.002"/>
  <system-out>
    <![CDATA[login]]>
  </system-out>
  <testcase classname="TestngFlags.flag3" name="login" time="0.006"/>
  <system-out>
    <![CDATA[login]]>
  </system-out>
  <testcase classname="TestngFlags.flag3" name="login" time="0.001"/>
  <system-out>
    <![CDATA[login]]>
  </system-out>
  <testcase classname="TestngFlags.flag3" name="login" time="0.001"/>
  <system-out>
    <![CDATA[login]]>
  </system-out>
  <testcase classname="TestngFlags.flag3" name="login" time="0.011"/>
  <system-out>
    <![CDATA[login]]>
  </system-out>
  <testcase classname="TestngFlags.flag3" name="login" time="0.003"/>
  <system-out>
    <![CDATA[login]]>
  </system-out>
  <testcase classname="TestngFlags.flag3" name="login" time="0.002"/>
  <system-out>
    <![CDATA[login]]>
  </system-out>
  <testcase classname="TestngFlags.flag3" name="login" time="0.001"/>
  <system-out>
    <![CDATA[login]]>
  </system-out>
  <testcase classname="TestngFlags.flag3" name="login" time="0.006"/>
  <system-out>
    <![CDATA[login]]>
  </system-out>
  <testcase classname="TestngFlags.flag3" name="login" time="0.001"/>
  <system-out>
    <![CDATA[login]]>
  </system-out>
  <testcase classname="TestngFlags.flag3" name="login" time="0.002"/>
  <system-out>
    <![CDATA[login]]>
  </system-out>
  <testcase classname="TestngFlags.flag3" name="login" time="0.001"/>
  <system-out>
    <![CDATA[login]]>
  </system-out>
  <testcase classname="TestngFlags.flag3" name="login" time="0.002"/>
  <system-out>
    <![CDATA[login]]>
  </system-out>
  <testcase classname="TestngFlags.flag3" name="login" time="0.002"/>
  <system-out>
    <![CDATA[login]]>
  </system-out>
  <testcase classname="TestngFlags.flag3" name="login" time="0.001"/>
  <system-out>
    <![CDATA[login]]>
  </system-out>
  <testcase classname="TestngFlags.flag3" name="login" time="0.001"/>
  <system-out>
    <![CDATA[login]]>
  </system-out>
  <testcase classname="TestngFlags.flag3" name="login" time="0.001"/>
  <system-out>
    <![CDATA[login]]>
  </system-out>
  <testcase classname="TestngFlags.flag3" name="login" time="0.000"/>
  <system-out>
    <![CDATA[login]]>
  </system-out>
  <testcase classname="TestngFlags.flag3" name="login" time="0.007"/>
  <system-out>
    <![CDATA[login]]>
  </system-out>
  <testcase classname="TestngFlags.flag3" name="login" time="0.001"/>
  <system-out>
    <![CDATA[login]]>
  </system-out>
  <testcase classname="TestngFlags.flag3" name="login" time="0.002"/>
  <system-out>
    <![CDATA[login]]>
  </system-out>
  <testcase classname="TestngFlags.flag3" name="login" time="0.001"/>
  <system-out>
    <![CDATA[login]]>
  </system-out>
  <testcase classname="TestngFlags.flag3" name="login" time="0.001"/>
  <system-out>
    <![CDATA[login]]>
  </system-out>
  <testcase classname="TestngFlags.flag3" name="login" time="0.001"/>
  <system-out>
    <![CDATA[login]]>
  </system-out>
  <testcase classname="TestngFlags.flag3" name="login" time="0.001"/>
  <system-out>
    <![CDATA[login]]>
  </system-out>
  <testcase classname="TestngFlags.flag3" name="login" time="0.001"/>
  <system-out>
    <![CDATA[login]]>
  </system-out>
  <testcase classname="TestngFlags.flag3" name="login" time="0.002"/>
  <system-out>
    <![CDATA[login]]>
  </system-out>
  <testcase classname="TestngFlags.flag3" name="login" time="0.002"/>
  <system-out>
    <![CDATA[login]]>
  </system-out>
  <testcase classname="TestngFlags.flag3" name="login" time="0.001"/>
  <system-out>
    <![CDATA[login]]>
  </system-out>
  <testcase classname="TestngFlags.flag3" name="login" time="0.004"/>
  <system-out>
    <![CDATA[login]]>
  </system-out>
  <testcase classname="TestngFlags.flag3" name="login" time="0.001"/>
  <system-out>
    <![CDATA[login]]>
  </system-out>
  <testcase classname="TestngFlags.flag3" name="login" time="0.007"/>
  <system-out>
    <![CDATA[login]]>
  </system-out>
  <testcase classname="TestngFlags.flag3" name="login" time="0.003"/>
  <system-out>
    <![CDATA[login]]>
  </system-out>
  <testcase classname="TestngFlags.flag3" name="login" time="0.001"/>
  <system-out>
    <![CDATA[login]]>
  </system-out>
  <testcase classname="TestngFlags.flag3" name="login" time="0.001"/>
  <system-out>
    <![CDATA[login]]>
  </system-out>
  <testcase classname="TestngFlags.flag3" name="login" time="0.007"/>
  <system-out>
    <![CDATA[login]]>
  </system-out>
  <testcase classname="TestngFlags.flag3" name="login" time="0.000"/>
  <system-out>
    <![CDATA[login]]>
  </system-out>
  <testcase classname="TestngFlags.flag3" name="login" time="0.001"/>
  <system-out>
    <![CDATA[login]]>
  </system-out>
  <testcase classname="TestngFlags.flag3" name="login" time="0.002"/>
  <system-out>
    <![CDATA[login]]>
  </system-out>
  <testcase classname="TestngFlags.flag3" name="login" time="0.002"/>
  <system-out>
    <![CDATA[login]]>
  </system-out>
  <testcase classname="TestngFlags.flag3" name="login" time="0.024"/>
  <system-out>
    <![CDATA[login]]>
  </system-out>
  <testcase classname="TestngFlags.flag3" name="login" time="0.001"/>
  <system-out>
    <![CDATA[login]]>
  </system-out>
  <testcase classname="TestngFlags.flag3" name="login" time="0.001"/>
  <system-out>
    <![CDATA[login]]>
  </system-out>
  <testcase classname="TestngFlags.flag3" name="login" time="0.001"/>
  <system-out>
    <![CDATA[login]]>
  </system-out>
  <testcase classname="TestngFlags.flag3" name="login" time="0.001"/>
  <system-out>
    <![CDATA[login]]>
  </system-out>
  <testcase classname="TestngFlags.flag3" name="login" time="0.001"/>
  <system-out>
    <![CDATA[login]]>
  </system-out>
  <testcase classname="TestngFlags.flag3" name="login" time="0.002"/>
  <system-out>
    <![CDATA[login]]>
  </system-out>
  <testcase classname="TestngFlags.flag3" name="login" time="0.006"/>
  <system-out>
    <![CDATA[login]]>
  </system-out>
  <testcase classname="TestngFlags.flag3" name="login" time="0.001"/>
  <system-out>
    <![CDATA[login]]>
  </system-out>
  <testcase classname="TestngFlags.flag3" name="login" time="0.005"/>
  <system-out>
    <![CDATA[login]]>
  </system-out>
  <testcase classname="TestngFlags.flag3" name="login" time="0.006"/>
  <system-out>
    <![CDATA[login]]>
  </system-out>
  <testcase classname="TestngFlags.flag3" name="login" time="0.001"/>
  <system-out>
    <![CDATA[login]]>
  </system-out>
  <testcase classname="TestngFlags.flag3" name="login" time="0.002"/>
  <system-out>
    <![CDATA[login]]>
  </system-out>
  <testcase classname="TestngFlags.flag3" name="login" time="0.001"/>
  <system-out>
    <![CDATA[login]]>
  </system-out>
  <testcase classname="TestngFlags.flag3" name="login" time="0.002"/>
  <system-out>
    <![CDATA[login]]>
  </system-out>
  <testcase classname="TestngFlags.flag3" name="login" time="0.001"/>
  <system-out>
    <![CDATA[login]]>
  </system-out>
  <testcase classname="TestngFlags.flag3" name="login" time="0.005"/>
  <system-out>
    <![CDATA[login]]>
  </system-out>
  <testcase classname="TestngFlags.flag3" name="login" time="0.001"/>
  <system-out>
    <![CDATA[login]]>
  </system-out>
  <testcase classname="TestngFlags.flag3" name="login" time="0.002"/>
  <system-out>
    <![CDATA[login]]>
  </system-out>
  <testcase classname="TestngFlags.flag3" name="login" time="0.001"/>
  <system-out>
    <![CDATA[login]]>
  </system-out>
  <testcase classname="TestngFlags.flag3" name="login" time="0.001"/>
  <system-out>
    <![CDATA[login]]>
  </system-out>
  <testcase classname="TestngFlags.flag3" name="login" time="0.002"/>
  <system-out>
    <![CDATA[login]]>
  </system-out>
  <testcase classname="TestngFlags.flag3" name="login" time="0.004"/>
  <system-out>
    <![CDATA[login]]>
  </system-out>
  <testcase classname="TestngFlags.flag3" name="login" time="0.001"/>
  <system-out>
    <![CDATA[login]]>
  </system-out>
  <testcase classname="TestngFlags.flag3" name="login" time="0.001"/>
  <system-out>
    <![CDATA[login]]>
  </system-out>
  <testcase classname="TestngFlags.flag3" name="login" time="0.001"/>
  <system-out>
    <![CDATA[login]]>
  </system-out>
  <testcase classname="TestngFlags.flag3" name="login" time="0.028"/>
  <system-out>
    <![CDATA[login]]>
  </system-out>
  <testcase classname="TestngFlags.flag3" name="login" time="0.002"/>
  <system-out>
    <![CDATA[login]]>
  </system-out>
  <testcase classname="TestngFlags.flag3" name="login" time="0.002"/>
  <system-out>
    <![CDATA[login]]>
  </system-out>
  <testcase classname="TestngFlags.flag3" name="login" time="0.001"/>
  <system-out>
    <![CDATA[login]]>
  </system-out>
  <testcase classname="TestngFlags.flag3" name="login" time="0.001"/>
  <system-out>
    <![CDATA[login]]>
  </system-out>
  <testcase classname="TestngFlags.flag3" name="login" time="0.001"/>
  <system-out>
    <![CDATA[login]]>
  </system-out>
  <testcase classname="TestngFlags.flag3" name="login" time="0.001"/>
  <system-out>
    <![CDATA[login]]>
  </system-out>
  <testcase classname="TestngFlags.flag3" name="login" time="0.001"/>
  <system-out>
    <![CDATA[login]]>
  </system-out>
  <testcase classname="TestngFlags.flag3" name="login" time="0.001"/>
  <system-out>
    <![CDATA[login]]>
  </system-out>
  <testcase classname="TestngFlags.flag3" name="login" time="0.004"/>
  <system-out>
    <![CDATA[login]]>
  </system-out>
  <testcase classname="TestngFlags.flag3" name="login" time="0.001"/>
  <system-out>
    <![CDATA[login]]>
  </system-out>
  <testcase classname="TestngFlags.flag3" name="login" time="0.002"/>
  <system-out>
    <![CDATA[login]]>
  </system-out>
  <testcase classname="TestngFlags.flag3" name="login" time="0.001"/>
  <system-out>
    <![CDATA[login]]>
  </system-out>
  <testcase classname="TestngFlags.flag3" name="login" time="0.002"/>
  <system-out>
    <![CDATA[login]]>
  </system-out>
  <testcase classname="TestngFlags.flag3" name="login" time="0.001"/>
  <system-out>
    <![CDATA[login]]>
  </system-out>
  <testcase classname="TestngFlags.flag3" name="login" time="0.002"/>
  <system-out>
    <![CDATA[login]]>
  </system-out>
  <testcase classname="TestngFlags.flag3" name="login" time="0.000"/>
  <system-out>
    <![CDATA[login]]>
  </system-out>
  <testcase classname="TestngFlags.flag3" name="login" time="0.006"/>
  <system-out>
    <![CDATA[login]]>
  </system-out>
  <testcase classname="TestngFlags.flag3" name="login" time="0.003"/>
  <system-out>
    <![CDATA[login]]>
  </system-out>
  <testcase classname="TestngFlags.flag3" name="login" time="0.001"/>
  <system-out>
    <![CDATA[login]]>
  </system-out>
  <testcase classname="TestngFlags.flag3" name="login" time="0.003"/>
  <system-out>
    <![CDATA[login]]>
  </system-out>
  <testcase classname="TestngFlags.flag3" name="login" time="0.001"/>
  <system-out>
    <![CDATA[login]]>
  </system-out>
  <testcase classname="TestngFlags.flag3" name="login" time="0.001"/>
  <system-out>
    <![CDATA[login]]>
  </system-out>
  <testcase classname="TestngFlags.flag3" name="login" time="0.001"/>
  <system-out>
    <![CDATA[login]]>
  </system-out>
  <testcase classname="TestngFlags.flag3" name="login" time="0.001"/>
  <system-out>
    <![CDATA[login]]>
  </system-out>
  <testcase classname="TestngFlags.flag3" name="login" time="0.000"/>
  <system-out>
    <![CDATA[login]]>
  </system-out>
  <testcase classname="TestngFlags.flag3" name="login" time="0.001"/>
  <system-out>
    <![CDATA[login]]>
  </system-out>
  <testcase classname="TestngFlags.flag3" name="login" time="0.001"/>
  <system-out>
    <![CDATA[login]]>
  </system-out>
  <testcase classname="TestngFlags.flag3" name="login" time="0.001"/>
  <system-out>
    <![CDATA[login]]>
  </system-out>
  <testcase classname="TestngFlags.flag3" name="login" time="0.001"/>
  <system-out>
    <![CDATA[login]]>
  </system-out>
  <testcase classname="TestngFlags.flag3" name="login" time="0.001"/>
  <system-out>
    <![CDATA[login]]>
  </system-out>
  <testcase classname="TestngFlags.flag3" name="login" time="0.002"/>
  <system-out>
    <![CDATA[login]]>
  </system-out>
  <testcase classname="TestngFlags.flag3" name="login" time="0.001"/>
  <system-out>
    <![CDATA[login]]>
  </system-out>
  <testcase classname="TestngFlags.flag3" name="login" time="0.001"/>
  <system-out>
    <![CDATA[login]]>
  </system-out>
  <testcase classname="TestngFlags.flag3" name="login" time="0.002"/>
  <system-out>
    <![CDATA[login]]>
  </system-out>
  <testcase classname="TestngFlags.flag3" name="login" time="0.004"/>
  <system-out>
    <![CDATA[login]]>
  </system-out>
  <testcase classname="TestngFlags.flag3" name="login" time="0.004"/>
  <system-out>
    <![CDATA[login]]>
  </system-out>
  <testcase classname="TestngFlags.flag3" name="login" time="0.001"/>
  <system-out>
    <![CDATA[login]]>
  </system-out>
  <testcase classname="TestngFlags.flag3" name="login" time="0.003"/>
  <system-out>
    <![CDATA[login]]>
  </system-out>
  <testcase classname="TestngFlags.flag3" name="login" time="0.002"/>
  <system-out>
    <![CDATA[login]]>
  </system-out>
  <testcase classname="TestngFlags.flag3" name="login" time="0.001"/>
  <system-out>
    <![CDATA[login]]>
  </system-out>
  <testcase classname="TestngFlags.flag3" name="login" time="0.002"/>
  <system-out>
    <![CDATA[login]]>
  </system-out>
  <testcase classname="TestngFlags.flag3" name="login" time="0.001"/>
  <system-out>
    <![CDATA[login]]>
  </system-out>
  <testcase classname="TestngFlags.flag3" name="login" time="0.001"/>
  <system-out>
    <![CDATA[login]]>
  </system-out>
  <testcase classname="TestngFlags.flag3" name="login" time="0.001"/>
  <system-out>
    <![CDATA[login]]>
  </system-out>
  <testcase classname="TestngFlags.flag3" name="login" time="0.003"/>
  <system-out>
    <![CDATA[login]]>
  </system-out>
  <testcase classname="TestngFlags.flag3" name="login" time="0.002"/>
  <system-out>
    <![CDATA[login]]>
  </system-out>
  <testcase classname="TestngFlags.flag3" name="login" time="0.002"/>
  <system-out>
    <![CDATA[login]]>
  </system-out>
  <testcase classname="TestngFlags.flag3" name="login" time="0.003"/>
  <system-out>
    <![CDATA[login]]>
  </system-out>
  <testcase classname="TestngFlags.flag3" name="login" time="0.001"/>
  <system-out>
    <![CDATA[login]]>
  </system-out>
  <testcase classname="TestngFlags.flag3" name="login" time="0.001"/>
  <system-out>
    <![CDATA[login]]>
  </system-out>
  <testcase classname="TestngFlags.flag3" name="login" time="0.001"/>
  <system-out>
    <![CDATA[login]]>
  </system-out>
  <testcase classname="TestngFlags.flag3" name="login" time="0.001"/>
  <system-out>
    <![CDATA[login]]>
  </system-out>
  <testcase classname="TestngFlags.flag3" name="login" time="0.003"/>
  <system-out>
    <![CDATA[login]]>
  </system-out>
  <testcase classname="TestngFlags.flag3" name="login" time="0.001"/>
  <system-out>
    <![CDATA[login]]>
  </system-out>
  <testcase classname="TestngFlags.flag3" name="login" time="0.003"/>
  <system-out>
    <![CDATA[login]]>
  </system-out>
  <testcase classname="TestngFlags.flag3" name="login" time="0.003"/>
  <system-out>
    <![CDATA[login]]>
  </system-out>
  <testcase classname="TestngFlags.flag3" name="login" time="0.001"/>
  <system-out>
    <![CDATA[login]]>
  </system-out>
  <testcase classname="TestngFlags.flag3" name="login" time="0.001"/>
  <system-out>
    <![CDATA[login]]>
  </system-out>
  <testcase classname="TestngFlags.flag3" name="login" time="0.003"/>
  <system-out>
    <![CDATA[login]]>
  </system-out>
  <testcase classname="TestngFlags.flag3" name="login" time="0.006"/>
  <system-out>
    <![CDATA[login]]>
  </system-out>
  <testcase classname="TestngFlags.flag3" name="login" time="0.003"/>
  <system-out>
    <![CDATA[login]]>
  </system-out>
  <testcase classname="TestngFlags.flag3" name="login" time="0.001"/>
  <system-out>
    <![CDATA[login]]>
  </system-out>
  <testcase classname="TestngFlags.flag3" name="login" time="0.003"/>
  <system-out>
    <![CDATA[login]]>
  </system-out>
  <testcase classname="TestngFlags.flag3" name="login" time="0.001"/>
  <system-out>
    <![CDATA[login]]>
  </system-out>
  <testcase classname="TestngFlags.flag3" name="login" time="0.003"/>
  <system-out>
    <![CDATA[login]]>
  </system-out>
  <testcase classname="TestngFlags.flag3" name="login" time="0.001"/>
  <system-out>
    <![CDATA[login]]>
  </system-out>
  <testcase classname="TestngFlags.flag3" name="login" time="0.001"/>
  <system-out>
    <![CDATA[login]]>
  </system-out>
  <testcase classname="TestngFlags.flag3" name="login" time="0.002"/>
  <system-out>
    <![CDATA[login]]>
  </system-out>
  <testcase classname="TestngFlags.flag3" name="login" time="0.005"/>
  <system-out>
    <![CDATA[login]]>
  </system-out>
  <testcase classname="TestngFlags.flag3" name="login" time="0.002"/>
  <system-out>
    <![CDATA[login]]>
  </system-out>
  <testcase classname="TestngFlags.flag3" name="login" time="0.005"/>
  <system-out>
    <![CDATA[login]]>
  </system-out>
  <testcase classname="TestngFlags.flag3" name="login" time="0.006"/>
  <system-out>
    <![CDATA[login]]>
  </system-out>
  <testcase classname="TestngFlags.flag3" name="login" time="0.001"/>
  <system-out>
    <![CDATA[login]]>
  </system-out>
  <testcase classname="TestngFlags.flag3" name="login" time="0.001"/>
  <system-out>
    <![CDATA[login]]>
  </system-out>
  <testcase classname="TestngFlags.flag3" name="login" time="0.002"/>
  <system-out>
    <![CDATA[login]]>
  </system-out>
  <testcase classname="TestngFlags.flag3" name="login" time="0.002"/>
  <system-out>
    <![CDATA[login]]>
  </system-out>
  <testcase classname="TestngFlags.flag3" name="login" time="0.001"/>
  <system-out>
    <![CDATA[login]]>
  </system-out>
  <testcase classname="TestngFlags.flag3" name="login" time="0.001"/>
  <system-out>
    <![CDATA[login]]>
  </system-out>
  <testcase classname="TestngFlags.flag3" name="login" time="0.001"/>
  <system-out>
    <![CDATA[login]]>
  </system-out>
  <testcase classname="TestngFlags.flag3" name="login" time="0.001"/>
  <system-out>
    <![CDATA[login]]>
  </system-out>
  <testcase classname="TestngFlags.flag3" name="login" time="0.002"/>
  <system-out>
    <![CDATA[login]]>
  </system-out>
  <testcase classname="TestngFlags.flag3" name="login" time="0.002"/>
  <system-out>
    <![CDATA[login]]>
  </system-out>
  <testcase classname="TestngFlags.flag3" name="login" time="0.001"/>
  <system-out>
    <![CDATA[login]]>
  </system-out>
  <testcase classname="TestngFlags.flag3" name="login" time="0.002"/>
  <system-out>
    <![CDATA[login]]>
  </system-out>
  <testcase classname="TestngFlags.flag3" name="login" time="0.001"/>
  <system-out>
    <![CDATA[login]]>
  </system-out>
  <testcase classname="TestngFlags.flag3" name="login" time="0.001"/>
  <system-out>
    <![CDATA[login]]>
  </system-out>
  <testcase classname="TestngFlags.flag3" name="login" time="0.001"/>
  <system-out>
    <![CDATA[login]]>
  </system-out>
  <testcase classname="TestngFlags.flag3" name="login" time="0.001"/>
  <system-out>
    <![CDATA[login]]>
  </system-out>
  <testcase classname="TestngFlags.flag3" name="login" time="0.001"/>
  <system-out>
    <![CDATA[login]]>
  </system-out>
  <testcase classname="TestngFlags.flag3" name="login" time="0.054"/>
  <system-out>
    <![CDATA[login]]>
  </system-out>
  <testcase classname="TestngFlags.flag3" name="login" time="0.001"/>
  <system-out>
    <![CDATA[login]]>
  </system-out>
  <testcase classname="TestngFlags.flag3" name="login" time="0.003"/>
  <system-out>
    <![CDATA[login]]>
  </system-out>
  <testcase classname="TestngFlags.flag3" name="login" time="0.003"/>
  <system-out>
    <![CDATA[login]]>
  </system-out>
  <testcase classname="TestngFlags.flag3" name="login" time="0.002"/>
  <system-out>
    <![CDATA[login]]>
  </system-out>
  <testcase classname="TestngFlags.flag3" name="login" time="0.001"/>
  <system-out>
    <![CDATA[login]]>
  </system-out>
  <testcase classname="TestngFlags.flag3" name="login" time="0.001"/>
  <system-out>
    <![CDATA[login]]>
  </system-out>
  <testcase classname="TestngFlags.flag3" name="login" time="0.001"/>
  <system-out>
    <![CDATA[login]]>
  </system-out>
  <testcase classname="TestngFlags.flag3" name="login" time="0.002"/>
  <system-out>
    <![CDATA[login]]>
  </system-out>
  <testcase classname="TestngFlags.flag3" name="login" time="0.008"/>
  <system-out>
    <![CDATA[login]]>
  </system-out>
  <testcase classname="TestngFlags.flag3" name="login" time="0.002"/>
  <system-out>
    <![CDATA[login]]>
  </system-out>
  <testcase classname="TestngFlags.flag3" name="login" time="0.002"/>
  <system-out>
    <![CDATA[login]]>
  </system-out>
  <testcase classname="TestngFlags.flag3" name="login" time="0.001"/>
  <system-out>
    <![CDATA[login]]>
  </system-out>
  <testcase classname="TestngFlags.flag3" name="login" time="0.001"/>
  <system-out>
    <![CDATA[login]]>
  </system-out>
  <testcase classname="TestngFlags.flag3" name="login" time="0.007"/>
  <system-out>
    <![CDATA[login]]>
  </system-out>
  <testcase classname="TestngFlags.flag3" name="login" time="0.002"/>
  <system-out>
    <![CDATA[login]]>
  </system-out>
  <testcase classname="TestngFlags.flag3" name="login" time="0.001"/>
  <system-out>
    <![CDATA[login]]>
  </system-out>
  <testcase classname="TestngFlags.flag3" name="login" time="0.000"/>
  <system-out>
    <![CDATA[login]]>
  </system-out>
  <testcase classname="TestngFlags.flag3" name="login" time="0.002"/>
  <system-out>
    <![CDATA[login]]>
  </system-out>
  <testcase classname="TestngFlags.flag3" name="login" time="0.000"/>
  <system-out>
    <![CDATA[login]]>
  </system-out>
  <testcase classname="TestngFlags.flag3" name="login" time="0.001"/>
  <system-out>
    <![CDATA[login]]>
  </system-out>
  <testcase classname="TestngFlags.flag3" name="login" time="0.001"/>
  <system-out>
    <![CDATA[login]]>
  </system-out>
  <testcase classname="TestngFlags.flag3" name="login" time="0.002"/>
  <system-out>
    <![CDATA[login]]>
  </system-out>
  <testcase classname="TestngFlags.flag3" name="login" time="0.002"/>
  <system-out>
    <![CDATA[login]]>
  </system-out>
  <testcase classname="TestngFlags.flag3" name="login" time="0.000"/>
  <system-out>
    <![CDATA[login]]>
  </system-out>
  <testcase classname="TestngFlags.flag3" name="login" time="0.001"/>
  <system-out>
    <![CDATA[login]]>
  </system-out>
  <testcase classname="TestngFlags.flag3" name="login" time="0.006"/>
  <system-out>
    <![CDATA[login]]>
  </system-out>
  <testcase classname="TestngFlags.flag3" name="login" time="0.001"/>
  <system-out>
    <![CDATA[login]]>
  </system-out>
  <testcase classname="TestngFlags.flag3" name="login" time="0.007"/>
  <system-out>
    <![CDATA[login]]>
  </system-out>
  <testcase classname="TestngFlags.flag3" name="login" time="0.002"/>
  <system-out>
    <![CDATA[login]]>
  </system-out>
  <testcase classname="TestngFlags.flag3" name="login" time="0.001"/>
  <system-out>
    <![CDATA[login]]>
  </system-out>
  <testcase classname="TestngFlags.flag3" name="login" time="0.003"/>
  <system-out>
    <![CDATA[login]]>
  </system-out>
  <testcase classname="TestngFlags.flag3" name="login" time="0.002"/>
  <system-out>
    <![CDATA[login]]>
  </system-out>
  <testcase classname="TestngFlags.flag3" name="login" time="0.003"/>
  <system-out>
    <![CDATA[login]]>
  </system-out>
  <testcase classname="TestngFlags.flag3" name="login" time="0.001"/>
  <system-out>
    <![CDATA[login]]>
  </system-out>
  <testcase classname="TestngFlags.flag3" name="login" time="0.002"/>
  <system-out>
    <![CDATA[login]]>
  </system-out>
  <testcase classname="TestngFlags.flag3" name="login" time="0.002"/>
  <system-out>
    <![CDATA[login]]>
  </system-out>
  <testcase classname="TestngFlags.flag3" name="login" time="0.001"/>
  <system-out>
    <![CDATA[login]]>
  </system-out>
  <testcase classname="TestngFlags.flag3" name="login" time="0.008"/>
  <system-out>
    <![CDATA[login]]>
  </system-out>
  <testcase classname="TestngFlags.flag3" name="login" time="0.001"/>
  <system-out>
    <![CDATA[login]]>
  </system-out>
  <testcase classname="TestngFlags.flag3" name="login" time="0.010"/>
  <system-out>
    <![CDATA[login]]>
  </system-out>
  <testcase classname="TestngFlags.flag3" name="login" time="0.002"/>
  <system-out>
    <![CDATA[login]]>
  </system-out>
  <testcase classname="TestngFlags.flag3" name="login" time="0.001"/>
  <system-out>
    <![CDATA[login]]>
  </system-out>
  <testcase classname="TestngFlags.flag3" name="login" time="0.006"/>
  <system-out>
    <![CDATA[login]]>
  </system-out>
  <testcase classname="TestngFlags.flag3" name="login" time="0.001"/>
  <system-out>
    <![CDATA[login]]>
  </system-out>
  <testcase classname="TestngFlags.flag3" name="login" time="0.001"/>
  <system-out>
    <![CDATA[login]]>
  </system-out>
  <testcase classname="TestngFlags.flag3" name="login" time="0.016"/>
  <system-out>
    <![CDATA[login]]>
  </system-out>
  <testcase classname="TestngFlags.flag3" name="login" time="0.000"/>
  <system-out>
    <![CDATA[login]]>
  </system-out>
  <testcase classname="TestngFlags.flag3" name="login" time="0.002"/>
  <system-out>
    <![CDATA[login]]>
  </system-out>
  <testcase classname="TestngFlags.flag3" name="login" time="0.005"/>
  <system-out>
    <![CDATA[login]]>
  </system-out>
  <testcase classname="TestngFlags.flag3" name="login" time="0.003"/>
  <system-out>
    <![CDATA[login]]>
  </system-out>
  <testcase classname="TestngFlags.flag3" name="login" time="0.005"/>
  <system-out>
    <![CDATA[login]]>
  </system-out>
  <testcase classname="TestngFlags.flag3" name="login" time="0.004"/>
  <system-out>
    <![CDATA[login]]>
  </system-out>
  <testcase classname="TestngFlags.flag3" name="login" time="0.020"/>
  <system-out>
    <![CDATA[login]]>
  </system-out>
  <testcase classname="TestngFlags.flag3" name="login" time="0.001"/>
  <system-out>
    <![CDATA[login]]>
  </system-out>
  <testcase classname="TestngFlags.flag3" name="login" time="0.001"/>
  <system-out>
    <![CDATA[login]]>
  </system-out>
  <testcase classname="TestngFlags.flag3" name="login" time="0.001"/>
  <system-out>
    <![CDATA[login]]>
  </system-out>
  <testcase classname="TestngFlags.flag3" name="login" time="0.002"/>
  <system-out>
    <![CDATA[login]]>
  </system-out>
  <testcase classname="TestngFlags.flag3" name="login" time="0.001"/>
  <system-out>
    <![CDATA[login]]>
  </system-out>
  <testcase classname="TestngFlags.flag3" name="login" time="0.001"/>
  <system-out>
    <![CDATA[login]]>
  </system-out>
  <testcase classname="TestngFlags.flag3" name="login" time="0.002"/>
  <system-out>
    <![CDATA[login]]>
  </system-out>
  <testcase classname="TestngFlags.flag3" name="login" time="0.012"/>
  <system-out>
    <![CDATA[login]]>
  </system-out>
  <testcase classname="TestngFlags.flag3" name="login" time="0.003"/>
  <system-out>
    <![CDATA[login]]>
  </system-out>
  <testcase classname="TestngFlags.flag3" name="login" time="0.001"/>
  <system-out>
    <![CDATA[login]]>
  </system-out>
  <testcase classname="TestngFlags.flag3" name="login" time="0.003"/>
  <system-out>
    <![CDATA[login]]>
  </system-out>
  <testcase classname="TestngFlags.flag3" name="login" time="0.002"/>
  <system-out>
    <![CDATA[login]]>
  </system-out>
  <testcase classname="TestngFlags.flag3" name="login" time="0.002"/>
  <system-out>
    <![CDATA[login]]>
  </system-out>
  <testcase classname="TestngFlags.flag3" name="login" time="0.007"/>
  <system-out>
    <![CDATA[login]]>
  </system-out>
  <testcase classname="TestngFlags.flag3" name="login" time="0.002"/>
  <system-out>
    <![CDATA[login]]>
  </system-out>
  <testcase classname="TestngFlags.flag3" name="login" time="0.001"/>
  <system-out>
    <![CDATA[login]]>
  </system-out>
  <testcase classname="TestngFlags.flag3" name="login" time="0.005"/>
  <system-out>
    <![CDATA[login]]>
  </system-out>
  <testcase classname="TestngFlags.flag3" name="login" time="0.001"/>
  <system-out>
    <![CDATA[login]]>
  </system-out>
  <testcase classname="TestngFlags.flag3" name="login" time="0.001"/>
  <system-out>
    <![CDATA[login]]>
  </system-out>
  <testcase classname="TestngFlags.flag3" name="login" time="0.002"/>
  <system-out>
    <![CDATA[login]]>
  </system-out>
  <testcase classname="TestngFlags.flag3" name="login" time="0.001"/>
  <system-out>
    <![CDATA[login]]>
  </system-out>
  <testcase classname="TestngFlags.flag3" name="login" time="0.001"/>
  <system-out>
    <![CDATA[login]]>
  </system-out>
  <testcase classname="TestngFlags.flag3" name="login" time="0.003"/>
  <system-out>
    <![CDATA[login]]>
  </system-out>
  <testcase classname="TestngFlags.flag3" name="login" time="0.003"/>
  <system-out>
    <![CDATA[login]]>
  </system-out>
  <testcase classname="TestngFlags.flag3" name="login" time="0.007"/>
  <system-out>
    <![CDATA[login]]>
  </system-out>
  <testcase classname="TestngFlags.flag3" name="login" time="0.001"/>
  <system-out>
    <![CDATA[login]]>
  </system-out>
  <testcase classname="TestngFlags.flag3" name="login" time="0.001"/>
  <system-out>
    <![CDATA[login]]>
  </system-out>
  <testcase classname="TestngFlags.flag3" name="login" time="0.002"/>
  <system-out>
    <![CDATA[login]]>
  </system-out>
  <testcase classname="TestngFlags.flag3" name="login" time="0.002"/>
  <system-out>
    <![CDATA[login]]>
  </system-out>
  <testcase classname="TestngFlags.flag3" name="login" time="0.001"/>
  <system-out>
    <![CDATA[login]]>
  </system-out>
  <testcase classname="TestngFlags.flag3" name="login" time="0.002"/>
  <system-out>
    <![CDATA[login]]>
  </system-out>
  <testcase classname="TestngFlags.flag3" name="login" time="0.001"/>
  <system-out>
    <![CDATA[login]]>
  </system-out>
  <testcase classname="TestngFlags.flag3" name="login" time="0.001"/>
  <system-out>
    <![CDATA[login]]>
  </system-out>
  <testcase classname="TestngFlags.flag3" name="login" time="0.001"/>
  <system-out>
    <![CDATA[login]]>
  </system-out>
  <testcase classname="TestngFlags.flag3" name="login" time="0.003"/>
  <system-out>
    <![CDATA[login]]>
  </system-out>
  <testcase classname="TestngFlags.flag3" name="login" time="0.001"/>
  <system-out>
    <![CDATA[login]]>
  </system-out>
  <testcase classname="TestngFlags.flag3" name="login" time="0.003"/>
  <system-out>
    <![CDATA[login]]>
  </system-out>
  <testcase classname="TestngFlags.flag3" name="login" time="0.003"/>
  <system-out>
    <![CDATA[login]]>
  </system-out>
  <testcase classname="TestngFlags.flag3" name="login" time="0.002"/>
  <system-out>
    <![CDATA[login]]>
  </system-out>
  <testcase classname="TestngFlags.flag3" name="login" time="0.001"/>
  <system-out>
    <![CDATA[login]]>
  </system-out>
  <testcase classname="TestngFlags.flag3" name="login" time="0.000"/>
  <system-out>
    <![CDATA[login]]>
  </system-out>
  <testcase classname="TestngFlags.flag3" name="login" time="0.001"/>
  <system-out>
    <![CDATA[login]]>
  </system-out>
  <testcase classname="TestngFlags.flag3" name="login" time="0.001"/>
  <system-out>
    <![CDATA[login]]>
  </system-out>
  <testcase classname="TestngFlags.flag3" name="login" time="0.012"/>
  <system-out>
    <![CDATA[login]]>
  </system-out>
  <testcase classname="TestngFlags.flag3" name="login" time="0.001"/>
  <system-out>
    <![CDATA[login]]>
  </system-out>
  <testcase classname="TestngFlags.flag3" name="login" time="0.001"/>
  <system-out>
    <![CDATA[login]]>
  </system-out>
  <testcase classname="TestngFlags.flag3" name="login" time="0.001"/>
  <system-out>
    <![CDATA[login]]>
  </system-out>
  <testcase classname="TestngFlags.flag3" name="login" time="0.001"/>
  <system-out>
    <![CDATA[login]]>
  </system-out>
  <testcase classname="TestngFlags.flag3" name="login" time="0.003"/>
  <system-out>
    <![CDATA[login]]>
  </system-out>
  <testcase classname="TestngFlags.flag3" name="login" time="0.001"/>
  <system-out>
    <![CDATA[login]]>
  </system-out>
  <testcase classname="TestngFlags.flag3" name="login" time="0.002"/>
  <system-out>
    <![CDATA[login]]>
  </system-out>
  <testcase classname="TestngFlags.flag3" name="login" time="0.001"/>
  <system-out>
    <![CDATA[login]]>
  </system-out>
  <testcase classname="TestngFlags.flag3" name="login" time="0.001"/>
  <system-out>
    <![CDATA[login]]>
  </system-out>
  <testcase classname="TestngFlags.flag3" name="login" time="0.001"/>
  <system-out>
    <![CDATA[login]]>
  </system-out>
  <testcase classname="TestngFlags.flag3" name="login" time="0.001"/>
  <system-out>
    <![CDATA[login]]>
  </system-out>
  <testcase classname="TestngFlags.flag3" name="login" time="0.002"/>
  <system-out>
    <![CDATA[login]]>
  </system-out>
  <testcase classname="TestngFlags.flag3" name="login" time="0.002"/>
  <system-out>
    <![CDATA[login]]>
  </system-out>
  <testcase classname="TestngFlags.flag3" name="login" time="0.001"/>
  <system-out>
    <![CDATA[login]]>
  </system-out>
  <testcase classname="TestngFlags.flag3" name="login" time="0.001"/>
  <system-out>
    <![CDATA[login]]>
  </system-out>
  <testcase classname="TestngFlags.flag3" name="login" time="0.011"/>
  <system-out>
    <![CDATA[login]]>
  </system-out>
  <testcase classname="TestngFlags.flag3" name="login" time="0.001"/>
  <system-out>
    <![CDATA[login]]>
  </system-out>
  <testcase classname="TestngFlags.flag3" name="login" time="0.000"/>
  <system-out>
    <![CDATA[login]]>
  </system-out>
  <testcase classname="TestngFlags.flag3" name="login" time="0.001"/>
  <system-out>
    <![CDATA[login]]>
  </system-out>
  <testcase classname="TestngFlags.flag3" name="login" time="0.010"/>
  <system-out>
    <![CDATA[login]]>
  </system-out>
  <testcase classname="TestngFlags.flag3" name="login" time="0.002"/>
  <system-out>
    <![CDATA[login]]>
  </system-out>
  <testcase classname="TestngFlags.flag3" name="login" time="0.001"/>
  <system-out>
    <![CDATA[login]]>
  </system-out>
  <testcase classname="TestngFlags.flag3" name="login" time="0.002"/>
  <system-out>
    <![CDATA[login]]>
  </system-out>
  <testcase classname="TestngFlags.flag3" name="login" time="0.002"/>
  <system-out>
    <![CDATA[login]]>
  </system-out>
</testsuite> <!-- TestngFlags.flag3 -->
