<?xml version="1.0" encoding="UTF-8"?>
<!-- Generated by org.testng.reporters.JUnitReportReporter -->
<testsuite hostname="DESKTOP-E715H5R" failures="0" tests="1" name="TestngPack.Demo" time="0.018" errors="0" timestamp="2022-06-04T08:49:14 IST" skipped="0">
  <testcase classname="TestngPack.Demo" name="method1" time="0.018"/>
  <system-out>
    <![CDATA[Demo class method]]>
  </system-out>
</testsuite> <!-- TestngPack.Demo -->
