<?xml version="1.0" encoding="UTF-8"?>
<!-- Generated by org.testng.reporters.JUnitReportReporter -->
<testsuite hostname="DESKTOP-E715H5R" failures="0" tests="7" name="TestngFlags.flag4" time="0.036" errors="0" timestamp="2022-06-06T11:39:27 IST" skipped="0">
  <testcase classname="TestngFlags.flag4" name="v" time="0.015"/>
  <system-out>
    <![CDATA[v]]>
  </system-out>
  <testcase classname="TestngFlags.flag4" name="z" time="0.003"/>
  <system-out>
    <![CDATA[z]]>
  </system-out>
  <testcase classname="TestngFlags.flag4" name="b" time="0.003"/>
  <system-out>
    <![CDATA[b]]>
  </system-out>
  <testcase classname="TestngFlags.flag4" name="a" time="0.002"/>
  <system-out>
    <![CDATA[a]]>
  </system-out>
  <testcase classname="TestngFlags.flag4" name="d" time="0.003"/>
  <system-out>
    <![CDATA[d]]>
  </system-out>
  <testcase classname="TestngFlags.flag4" name="m" time="0.005"/>
  <system-out>
    <![CDATA[m]]>
  </system-out>
  <testcase classname="TestngFlags.flag4" name="l" time="0.005"/>
  <system-out>
    <![CDATA[l]]>
  </system-out>
</testsuite> <!-- TestngFlags.flag4 -->
