<?xml version="1.0" encoding="UTF-8"?>
<!-- Generated by org.testng.reporters.JUnitReportReporter -->
<testsuite hostname="DESKTOP-E715H5R" failures="0" tests="3" name="TestngFlags.flag5" time="0.019" errors="0" timestamp="2022-06-06T11:49:05 IST" skipped="0">
  <testcase classname="TestngFlags.flag5" name="createuser" time="0.001"/>
  <system-out>
    <![CDATA[createuser]]>
  </system-out>
  <testcase classname="TestngFlags.flag5" name="login" time="0.016"/>
  <system-out>
    <![CDATA[login]]>
  </system-out>
  <testcase classname="TestngFlags.flag5" name="logot" time="0.002"/>
  <system-out>
    <![CDATA[logout]]>
  </system-out>
</testsuite> <!-- TestngFlags.flag5 -->
