<?xml version="1.0" encoding="UTF-8"?>
<!-- Generated by org.testng.reporters.JUnitReportReporter -->
<testsuite hostname="DESKTOP-E715H5R" failures="0" tests="2" name="TestngFlags.flag2" time="0.017" errors="0" timestamp="2022-06-06T11:29:09 IST" skipped="1">
  <testcase classname="TestngFlags.flag2" name="login" time="0.017"/>
  <system-out>
    <![CDATA[i am login]]>
  </system-out>
  <testcase classname="TestngFlags.flag2" name="logout">
    <skipped/>
  </testcase> <!-- logout -->
  <system-out/>
</testsuite> <!-- TestngFlags.flag2 -->
