<?xml version="1.0" encoding="UTF-8"?>
<!-- Generated by org.testng.reporters.JUnitReportReporter -->
<testsuite hostname="DESKTOP-E715H5R" failures="0" tests="2" name="TestngFlags.parameterAnnotation" time="25.371" errors="0" timestamp="2022-06-07T12:48:38 IST" skipped="0">
  <testcase classname="TestngFlags.parameterAnnotation" name="loginactitime" time="25.369"/>
  <system-out/>
  <testcase classname="TestngFlags.parameterAnnotation" name="loginactitime" time="0.002"/>
  <system-out/>
</testsuite> <!-- TestngFlags.parameterAnnotation -->
