<?xml version="1.0" encoding="UTF-8"?>
<!-- Generated by org.testng.reporters.JUnitReportReporter -->
<testsuite hostname="DESKTOP-E715H5R" failures="0" tests="1" name="TestngFlags.flag1" time="0.024" errors="0" timestamp="2022-06-06T11:24:51 IST" skipped="0">
  <testcase classname="TestngFlags.flag1" name="f" time="0.024"/>
  <system-out>
    <![CDATA[login]]>
  </system-out>
</testsuite> <!-- TestngFlags.flag1 -->
