<?xml version="1.0" encoding="UTF-8"?>
<!-- Generated by org.testng.reporters.JUnitReportReporter -->
<testsuite hostname="DESKTOP-E715H5R" failures="0" tests="1" name="TestngFlags.class1" time="64.533" errors="0" timestamp="2022-06-07T14:07:24 IST" skipped="0">
  <testcase classname="TestngFlags.class1" name="f" time="64.533"/>
  <system-out/>
</testsuite> <!-- TestngFlags.class1 -->
